app/build/intermediates/manifest_merge_blame_file/debug/manifest-merger-blame-debug-report.txt
1<?xml version="1.0" encoding="utf-8"?>
2<manifest xmlns:android="http://schemas.android.com/apk/res/android"
3    package="com.nagihong.vcompressor"
4    android:versionCode="1"
5    android:versionName="1.0" >
6
7    <uses-sdk
8        android:minSdkVersion="19"
8-->src\main\AndroidManifest.xml
9        android:targetSdkVersion="29" />
9-->src\main\AndroidManifest.xml
10
11    <uses-permission android:name="android.permission.READ_EXTERNAL_STORAGE" />
11-->src\main\AndroidManifest.xml:5:5-80
11-->src\main\AndroidManifest.xml:5:22-77
12    <uses-permission android:name="android.permission.WRITE_EXTERNAL_STORAGE" />
12-->src\main\AndroidManifest.xml:6:5-81
12-->src\main\AndroidManifest.xml:6:22-78
13
14    <application
14-->src\main\AndroidManifest.xml:8:5-32:19
15        android:allowBackup="true"
15-->src\main\AndroidManifest.xml:9:7-33
16        android:appComponentFactory="android.support.v4.app.CoreComponentFactory"
16-->[com.android.support:support-compat:28.0.0] AndroidManifest.xml:22:18-91
17        android:debuggable="true"
18        android:icon="@mipmap/beatles"
18-->src\main\AndroidManifest.xml:10:7-37
19        android:label="@string/app_name"
19-->src\main\AndroidManifest.xml:11:7-39
20        android:requestLegacyExternalStorage="true"
20-->src\main\AndroidManifest.xml:13:7-50
21        android:supportsRtl="true"
21-->src\main\AndroidManifest.xml:12:7-33
22        android:theme="@style/AppTheme" >
22-->src\main\AndroidManifest.xml:14:7-38
23        <activity android:name="com.nagihong.vcompressor.MainActivity" >
23-->src\main\AndroidManifest.xml:15:9-21:20
23-->src\main\AndroidManifest.xml:15:19-47
24            <intent-filter>
24-->src\main\AndroidManifest.xml:16:13-20:29
25                <action android:name="android.intent.action.MAIN" />
25-->src\main\AndroidManifest.xml:17:17-69
25-->src\main\AndroidManifest.xml:17:25-66
26
27                <category android:name="android.intent.category.LAUNCHER" />
27-->src\main\AndroidManifest.xml:19:17-77
27-->src\main\AndroidManifest.xml:19:27-74
28            </intent-filter>
29        </activity>
30
31        <provider
31-->src\main\AndroidManifest.xml:23:9-31:20
32            android:name="android.support.v4.content.FileProvider"
32-->src\main\AndroidManifest.xml:24:11-65
33            android:authorities="com.nagihong.videocompressor"
33-->src\main\AndroidManifest.xml:25:11-61
34            android:exported="false"
34-->src\main\AndroidManifest.xml:26:11-35
35            android:grantUriPermissions="true" >
35-->src\main\AndroidManifest.xml:27:11-45
36            <meta-data
36-->src\main\AndroidManifest.xml:28:13-30:54
37                android:name="android.support.FILE_PROVIDER_PATHS"
37-->src\main\AndroidManifest.xml:29:15-65
38                android:resource="@xml/uri_provider" />
38-->src\main\AndroidManifest.xml:30:15-51
39        </provider>
40    </application>
41
42</manifest>